build/app/intermediates/manifest_merge_blame_file/debug/manifest-merger-blame-debug-report.txt
1<?xml version="1.0" encoding="utf-8"?>
2<manifest xmlns:android="http://schemas.android.com/apk/res/android"
3    package="com.example.ECommerceApp"
4    android:versionCode="1"
5    android:versionName="1.0.0" >
6
7    <uses-sdk
8        android:minSdkVersion="19"
9        android:targetSdkVersion="29" />
10    <!--
11         Flutter needs it to communicate with the running application
12         to allow setting breakpoints, to provide hot reload, etc.
13    -->
14    <uses-permission android:name="android.permission.INTERNET" />
14-->src\debug\AndroidManifest.xml:6:5-66
14-->src\debug\AndroidManifest.xml:6:22-64
15    <uses-permission android:name="android.permission.READ_EXTERNAL_STORAGE" />
15-->[:image_picker] AndroidManifest.xml:7:5-80
15-->[:image_picker] AndroidManifest.xml:7:22-77
16    <uses-permission android:name="android.permission.WRITE_EXTERNAL_STORAGE" /> <!-- Although the *SdkVersion is captured in gradle build files, this is required for non gradle builds -->
16-->[:image_picker] AndroidManifest.xml:8:5-81
16-->[:image_picker] AndroidManifest.xml:8:22-78
17    <!-- <uses-sdk android:minSdkVersion="14" /> -->
18    <uses-permission android:name="android.permission.ACCESS_NETWORK_STATE" />
18-->[com.google.firebase:firebase-firestore:23.0.0] AndroidManifest.xml:13:5-79
18-->[com.google.firebase:firebase-firestore:23.0.0] AndroidManifest.xml:13:22-76
19
20    <uses-feature
20-->[com.google.android.gms:play-services-maps:17.0.0] AndroidManifest.xml:26:5-28:35
21        android:glEsVersion="0x00020000"
21-->[com.google.android.gms:play-services-maps:17.0.0] AndroidManifest.xml:27:9-41
22        android:required="true" />
22-->[com.google.android.gms:play-services-maps:17.0.0] AndroidManifest.xml:28:9-32
23    <!--
24 io.flutter.app.FlutterApplication is an android.app.Application that
25         calls FlutterMain.startInitialization(this); in its onCreate method.
26         In most cases you can leave this as-is, but you if you want to provide
27         additional functionality it is fine to subclass or reimplement
28         FlutterApplication and put your custom class here.
29    -->
30    <application
30-->src\main\AndroidManifest.xml:8:5-46:19
31        android:name="io.flutter.app.FlutterApplication"
31-->src\main\AndroidManifest.xml:9:9-57
32        android:appComponentFactory="androidx.core.app.CoreComponentFactory"
32-->[androidx.core:core:1.1.0] AndroidManifest.xml:24:18-86
33        android:debuggable="true"
34        android:icon="@mipmap/ic_launcher"
34-->src\main\AndroidManifest.xml:11:9-43
35        android:label="ECommerceApp"
35-->src\main\AndroidManifest.xml:10:9-37
36        android:theme="@style/Theme.AppCompat.Light.NoActionBar" >
36-->[:stripe_payment] AndroidManifest.xml:11:18-74
37        <activity
37-->src\main\AndroidManifest.xml:12:9-40:20
38            android:name="com.example.ECommerceApp.MainActivity"
38-->src\main\AndroidManifest.xml:13:13-41
39            android:configChanges="orientation|keyboardHidden|keyboard|screenSize|smallestScreenSize|locale|layoutDirection|fontScale|screenLayout|density|uiMode"
39-->src\main\AndroidManifest.xml:16:13-163
40            android:hardwareAccelerated="true"
40-->src\main\AndroidManifest.xml:17:13-47
41            android:launchMode="singleTop"
41-->src\main\AndroidManifest.xml:14:13-43
42            android:theme="@style/LaunchTheme"
42-->src\main\AndroidManifest.xml:15:13-47
43            android:windowSoftInputMode="adjustResize" >
43-->src\main\AndroidManifest.xml:18:13-55
44
45            <!--
46                 Specifies an Android theme to apply to this Activity as soon as
47                 the Android process has started. This theme is visible to the user
48                 while the Flutter UI initializes. After that, this theme continues
49                 to determine the Window background behind the Flutter UI.
50            -->
51            <meta-data
51-->src\main\AndroidManifest.xml:23:13-26:17
52                android:name="io.flutter.embedding.android.NormalTheme"
52-->src\main\AndroidManifest.xml:24:15-70
53                android:resource="@style/NormalTheme" />
53-->src\main\AndroidManifest.xml:25:15-52
54            <!--
55                 Displays an Android View that continues showing the launch screen
56                 Drawable until Flutter paints its first frame, then this splash
57                 screen fades out. A splash screen is useful to avoid any visual
58                 gap between the end of Android's launch screen and the painting of
59                 Flutter's first frame.
60            -->
61            <meta-data
61-->src\main\AndroidManifest.xml:32:13-35:17
62                android:name="io.flutter.embedding.android.SplashScreenDrawable"
62-->src\main\AndroidManifest.xml:33:15-79
63                android:resource="@drawable/launch_background" />
63-->src\main\AndroidManifest.xml:34:15-61
64
65            <intent-filter>
65-->src\main\AndroidManifest.xml:36:13-39:29
66                <action android:name="android.intent.action.MAIN" />
66-->src\main\AndroidManifest.xml:37:17-68
66-->src\main\AndroidManifest.xml:37:25-66
67
68                <category android:name="android.intent.category.LAUNCHER" />
68-->src\main\AndroidManifest.xml:38:17-76
68-->src\main\AndroidManifest.xml:38:27-74
69            </intent-filter>
70        </activity>
71        <!--
72             Don't delete the meta-data below.
73             This is used by the Flutter tool to generate GeneratedPluginRegistrant.java
74        -->
75        <meta-data
75-->src\main\AndroidManifest.xml:43:9-45:33
76            android:name="flutterEmbedding"
76-->src\main\AndroidManifest.xml:44:13-44
77            android:value="2" />
77-->src\main\AndroidManifest.xml:45:13-30
78
79        <service
79-->[:firebase_storage] AndroidManifest.xml:8:9-12:19
80            android:name="com.google.firebase.components.ComponentDiscoveryService"
80-->[:firebase_storage] AndroidManifest.xml:8:18-89
81            android:directBootAware="true"
81-->[com.google.firebase:firebase-common:20.0.0] AndroidManifest.xml:35:13-43
82            android:exported="false" >
82-->[com.google.firebase:firebase-firestore:23.0.0] AndroidManifest.xml:19:13-37
83            <meta-data
83-->[:firebase_storage] AndroidManifest.xml:9:13-11:85
84                android:name="com.google.firebase.components:io.flutter.plugins.firebase.storage.FlutterFirebaseAppRegistrar"
84-->[:firebase_storage] AndroidManifest.xml:10:17-126
85                android:value="com.google.firebase.components.ComponentRegistrar" />
85-->[:firebase_storage] AndroidManifest.xml:11:17-82
86            <meta-data
86-->[:cloud_firestore] AndroidManifest.xml:9:13-11:85
87                android:name="com.google.firebase.components:io.flutter.plugins.firebase.firestore.FlutterFirebaseFirestoreRegistrar"
87-->[:cloud_firestore] AndroidManifest.xml:10:17-134
88                android:value="com.google.firebase.components.ComponentRegistrar" />
88-->[:cloud_firestore] AndroidManifest.xml:11:17-82
89            <meta-data
89-->[:firebase_auth] AndroidManifest.xml:9:13-11:85
90                android:name="com.google.firebase.components:io.flutter.plugins.firebase.auth.FlutterFirebaseAuthRegistrar"
90-->[:firebase_auth] AndroidManifest.xml:10:17-124
91                android:value="com.google.firebase.components.ComponentRegistrar" />
91-->[:firebase_auth] AndroidManifest.xml:11:17-82
92            <meta-data
92-->[:firebase_core] AndroidManifest.xml:9:13-11:85
93                android:name="com.google.firebase.components:io.flutter.plugins.firebase.core.FlutterFirebaseCoreRegistrar"
93-->[:firebase_core] AndroidManifest.xml:10:17-124
94                android:value="com.google.firebase.components.ComponentRegistrar" />
94-->[:firebase_core] AndroidManifest.xml:11:17-82
95            <meta-data
95-->[com.google.firebase:firebase-firestore:23.0.0] AndroidManifest.xml:20:13-22:85
96                android:name="com.google.firebase.components:com.google.firebase.firestore.FirestoreRegistrar"
96-->[com.google.firebase:firebase-firestore:23.0.0] AndroidManifest.xml:21:17-111
97                android:value="com.google.firebase.components.ComponentRegistrar" />
97-->[com.google.firebase:firebase-firestore:23.0.0] AndroidManifest.xml:22:17-82
98            <meta-data
98-->[com.google.firebase:firebase-storage:20.0.0] AndroidManifest.xml:33:13-35:85
99                android:name="com.google.firebase.components:com.google.firebase.storage.StorageRegistrar"
99-->[com.google.firebase:firebase-storage:20.0.0] AndroidManifest.xml:34:17-107
100                android:value="com.google.firebase.components.ComponentRegistrar" />
100-->[com.google.firebase:firebase-storage:20.0.0] AndroidManifest.xml:35:17-82
101            <meta-data
101-->[com.google.firebase:firebase-auth:21.0.1] AndroidManifest.xml:77:13-79:85
102                android:name="com.google.firebase.components:com.google.firebase.auth.FirebaseAuthRegistrar"
102-->[com.google.firebase:firebase-auth:21.0.1] AndroidManifest.xml:78:17-109
103                android:value="com.google.firebase.components.ComponentRegistrar" />
103-->[com.google.firebase:firebase-auth:21.0.1] AndroidManifest.xml:79:17-82
104        </service>
105
106        <provider
106-->[:image_picker] AndroidManifest.xml:11:9-19:20
107            android:name="io.flutter.plugins.imagepicker.ImagePickerFileProvider"
107-->[:image_picker] AndroidManifest.xml:12:13-82
108            android:authorities="com.example.ECommerceApp.flutter.image_provider"
108-->[:image_picker] AndroidManifest.xml:13:13-74
109            android:exported="false"
109-->[:image_picker] AndroidManifest.xml:14:13-37
110            android:grantUriPermissions="true" >
110-->[:image_picker] AndroidManifest.xml:15:13-47
111            <meta-data
111-->[:image_picker] AndroidManifest.xml:16:13-18:75
112                android:name="android.support.FILE_PROVIDER_PATHS"
112-->[:image_picker] AndroidManifest.xml:17:17-67
113                android:resource="@xml/flutter_image_picker_file_paths" />
113-->[:image_picker] AndroidManifest.xml:18:17-72
114        </provider>
115
116        <meta-data
116-->[:stripe_payment] AndroidManifest.xml:12:9-14:36
117            android:name="com.google.android.gms.wallet.api.enabled"
117-->[:stripe_payment] AndroidManifest.xml:13:13-69
118            android:value="true" />
118-->[:stripe_payment] AndroidManifest.xml:14:13-33
119
120        <activity
120-->[:stripe_payment] AndroidManifest.xml:16:9-20:75
121            android:name="com.gettipsi.stripe.OpenBrowserActivity"
121-->[:stripe_payment] AndroidManifest.xml:17:13-67
122            android:exported="false"
122-->[:stripe_payment] AndroidManifest.xml:18:13-37
123            android:launchMode="singleTask"
123-->[:stripe_payment] AndroidManifest.xml:19:13-44
124            android:theme="@android:style/Theme.Translucent.NoTitleBar" />
124-->[:stripe_payment] AndroidManifest.xml:20:13-72
125        <activity
125-->[:stripe_payment] AndroidManifest.xml:21:9-34:20
126            android:name="com.gettipsi.stripe.RedirectUriReceiver"
126-->[:stripe_payment] AndroidManifest.xml:22:13-67
127            android:exported="true"
127-->[:stripe_payment] AndroidManifest.xml:23:13-36
128            android:launchMode="singleTask"
128-->[:stripe_payment] AndroidManifest.xml:24:13-44
129            android:theme="@android:style/Theme.Translucent.NoTitleBar.Fullscreen" >
129-->[:stripe_payment] AndroidManifest.xml:25:13-83
130            <intent-filter>
130-->[:stripe_payment] AndroidManifest.xml:26:13-33:29
131                <action android:name="android.intent.action.VIEW" />
131-->[:stripe_payment] AndroidManifest.xml:27:17-69
131-->[:stripe_payment] AndroidManifest.xml:27:25-66
132
133                <category android:name="android.intent.category.DEFAULT" />
133-->[:stripe_payment] AndroidManifest.xml:29:17-76
133-->[:stripe_payment] AndroidManifest.xml:29:27-73
134                <category android:name="android.intent.category.BROWSABLE" />
134-->[:stripe_payment] AndroidManifest.xml:30:17-78
134-->[:stripe_payment] AndroidManifest.xml:30:27-75
135
136                <data android:scheme="example" />
136-->[:stripe_payment] AndroidManifest.xml:32:17-50
136-->[:stripe_payment] AndroidManifest.xml:32:23-47
137            </intent-filter>
138        </activity>
139        <activity
139-->[com.stripe:stripe-android:10.4.6] AndroidManifest.xml:12:9-14:57
140            android:name="com.stripe.android.view.AddPaymentMethodActivity"
140-->[com.stripe:stripe-android:10.4.6] AndroidManifest.xml:13:13-76
141            android:theme="@style/StripeDefaultTheme" />
141-->[com.stripe:stripe-android:10.4.6] AndroidManifest.xml:14:13-54
142        <activity
142-->[com.stripe:stripe-android:10.4.6] AndroidManifest.xml:15:9-17:57
143            android:name="com.stripe.android.view.PaymentMethodsActivity"
143-->[com.stripe:stripe-android:10.4.6] AndroidManifest.xml:16:13-74
144            android:theme="@style/StripeDefaultTheme" />
144-->[com.stripe:stripe-android:10.4.6] AndroidManifest.xml:17:13-54
145        <activity
145-->[com.stripe:stripe-android:10.4.6] AndroidManifest.xml:18:9-20:57
146            android:name="com.stripe.android.view.PaymentFlowActivity"
146-->[com.stripe:stripe-android:10.4.6] AndroidManifest.xml:19:13-71
147            android:theme="@style/StripeDefaultTheme" />
147-->[com.stripe:stripe-android:10.4.6] AndroidManifest.xml:20:13-54
148        <activity
148-->[com.stripe:stripe-android:10.4.6] AndroidManifest.xml:21:9-23:57
149            android:name="com.stripe.android.view.PaymentAuthWebViewActivity"
149-->[com.stripe:stripe-android:10.4.6] AndroidManifest.xml:22:13-78
150            android:theme="@style/StripeDefaultTheme" />
150-->[com.stripe:stripe-android:10.4.6] AndroidManifest.xml:23:13-54
151        <activity
151-->[com.stripe:stripe-android:10.4.6] AndroidManifest.xml:24:9-26:57
152            android:name="com.stripe.android.view.PaymentRelayActivity"
152-->[com.stripe:stripe-android:10.4.6] AndroidManifest.xml:25:13-72
153            android:theme="@style/StripeDefaultTheme" />
153-->[com.stripe:stripe-android:10.4.6] AndroidManifest.xml:26:13-54
154        <activity
154-->[com.stripe:stripe-3ds2-android:1.2.2] AndroidManifest.xml:12:9-14:54
155            android:name="com.stripe.android.stripe3ds2.views.ChallengeActivity"
155-->[com.stripe:stripe-3ds2-android:1.2.2] AndroidManifest.xml:13:13-81
156            android:theme="@style/Stripe3DS2Theme" />
156-->[com.stripe:stripe-3ds2-android:1.2.2] AndroidManifest.xml:14:13-51
157        <activity
157-->[com.stripe:stripe-3ds2-android:1.2.2] AndroidManifest.xml:15:9-17:54
158            android:name="com.stripe.android.stripe3ds2.views.ChallengeProgressDialogActivity"
158-->[com.stripe:stripe-3ds2-android:1.2.2] AndroidManifest.xml:16:13-95
159            android:theme="@style/Stripe3DS2Theme" />
159-->[com.stripe:stripe-3ds2-android:1.2.2] AndroidManifest.xml:17:13-51
160        <activity
160-->[com.google.android.gms:play-services-auth:16.0.1] AndroidManifest.xml:23:9-27:75
161            android:name="com.google.android.gms.auth.api.signin.internal.SignInHubActivity"
161-->[com.google.android.gms:play-services-auth:16.0.1] AndroidManifest.xml:24:13-93
162            android:excludeFromRecents="true"
162-->[com.google.android.gms:play-services-auth:16.0.1] AndroidManifest.xml:25:13-46
163            android:exported="false"
163-->[com.google.android.gms:play-services-auth:16.0.1] AndroidManifest.xml:26:13-37
164            android:theme="@android:style/Theme.Translucent.NoTitleBar" />
164-->[com.google.android.gms:play-services-auth:16.0.1] AndroidManifest.xml:27:13-72
165        <!--
166            Service handling Google Sign-In user revocation. For apps that do not integrate with
167            Google Sign-In, this service will never be started.
168        -->
169        <service
169-->[com.google.android.gms:play-services-auth:16.0.1] AndroidManifest.xml:33:9-36:110
170            android:name="com.google.android.gms.auth.api.signin.RevocationBoundService"
170-->[com.google.android.gms:play-services-auth:16.0.1] AndroidManifest.xml:34:13-89
171            android:exported="true"
171-->[com.google.android.gms:play-services-auth:16.0.1] AndroidManifest.xml:35:13-36
172            android:permission="com.google.android.gms.auth.api.signin.permission.REVOCATION_NOTIFICATION" />
172-->[com.google.android.gms:play-services-auth:16.0.1] AndroidManifest.xml:36:13-107
173
174        <activity
174-->[com.google.firebase:firebase-auth:21.0.1] AndroidManifest.xml:27:9-44:20
175            android:name="com.google.firebase.auth.internal.GenericIdpActivity"
175-->[com.google.firebase:firebase-auth:21.0.1] AndroidManifest.xml:28:13-80
176            android:excludeFromRecents="true"
176-->[com.google.firebase:firebase-auth:21.0.1] AndroidManifest.xml:29:13-46
177            android:exported="true"
177-->[com.google.firebase:firebase-auth:21.0.1] AndroidManifest.xml:30:13-36
178            android:launchMode="singleTask"
178-->[com.google.firebase:firebase-auth:21.0.1] AndroidManifest.xml:31:13-44
179            android:theme="@android:style/Theme.Translucent.NoTitleBar" >
179-->[com.google.firebase:firebase-auth:21.0.1] AndroidManifest.xml:32:13-72
180            <intent-filter>
180-->[com.google.firebase:firebase-auth:21.0.1] AndroidManifest.xml:33:13-43:29
181                <action android:name="android.intent.action.VIEW" />
181-->[:stripe_payment] AndroidManifest.xml:27:17-69
181-->[:stripe_payment] AndroidManifest.xml:27:25-66
182
183                <category android:name="android.intent.category.DEFAULT" />
183-->[:stripe_payment] AndroidManifest.xml:29:17-76
183-->[:stripe_payment] AndroidManifest.xml:29:27-73
184                <category android:name="android.intent.category.BROWSABLE" />
184-->[:stripe_payment] AndroidManifest.xml:30:17-78
184-->[:stripe_payment] AndroidManifest.xml:30:27-75
185
186                <data
186-->[:stripe_payment] AndroidManifest.xml:32:17-50
187                    android:host="firebase.auth"
188                    android:path="/"
189                    android:scheme="genericidp" />
189-->[:stripe_payment] AndroidManifest.xml:32:23-47
190            </intent-filter>
191        </activity>
192        <activity
192-->[com.google.firebase:firebase-auth:21.0.1] AndroidManifest.xml:45:9-62:20
193            android:name="com.google.firebase.auth.internal.RecaptchaActivity"
193-->[com.google.firebase:firebase-auth:21.0.1] AndroidManifest.xml:46:13-79
194            android:excludeFromRecents="true"
194-->[com.google.firebase:firebase-auth:21.0.1] AndroidManifest.xml:47:13-46
195            android:exported="true"
195-->[com.google.firebase:firebase-auth:21.0.1] AndroidManifest.xml:48:13-36
196            android:launchMode="singleTask"
196-->[com.google.firebase:firebase-auth:21.0.1] AndroidManifest.xml:49:13-44
197            android:theme="@android:style/Theme.Translucent.NoTitleBar" >
197-->[com.google.firebase:firebase-auth:21.0.1] AndroidManifest.xml:50:13-72
198            <intent-filter>
198-->[com.google.firebase:firebase-auth:21.0.1] AndroidManifest.xml:51:13-61:29
199                <action android:name="android.intent.action.VIEW" />
199-->[:stripe_payment] AndroidManifest.xml:27:17-69
199-->[:stripe_payment] AndroidManifest.xml:27:25-66
200
201                <category android:name="android.intent.category.DEFAULT" />
201-->[:stripe_payment] AndroidManifest.xml:29:17-76
201-->[:stripe_payment] AndroidManifest.xml:29:27-73
202                <category android:name="android.intent.category.BROWSABLE" />
202-->[:stripe_payment] AndroidManifest.xml:30:17-78
202-->[:stripe_payment] AndroidManifest.xml:30:27-75
203
204                <data
204-->[:stripe_payment] AndroidManifest.xml:32:17-50
205                    android:host="firebase.auth"
206                    android:path="/"
207                    android:scheme="recaptcha" />
207-->[:stripe_payment] AndroidManifest.xml:32:23-47
208            </intent-filter>
209        </activity>
210
211        <service
211-->[com.google.firebase:firebase-auth:21.0.1] AndroidManifest.xml:64:9-73:19
212            android:name="com.google.firebase.auth.api.fallback.service.FirebaseAuthFallbackService"
212-->[com.google.firebase:firebase-auth:21.0.1] AndroidManifest.xml:65:13-101
213            android:enabled="true"
213-->[com.google.firebase:firebase-auth:21.0.1] AndroidManifest.xml:66:13-35
214            android:exported="false" >
214-->[com.google.firebase:firebase-auth:21.0.1] AndroidManifest.xml:67:13-37
215            <intent-filter>
215-->[com.google.firebase:firebase-auth:21.0.1] AndroidManifest.xml:68:13-72:29
216                <action android:name="com.google.firebase.auth.api.gms.service.START" />
216-->[com.google.firebase:firebase-auth:21.0.1] AndroidManifest.xml:69:17-89
216-->[com.google.firebase:firebase-auth:21.0.1] AndroidManifest.xml:69:25-86
217
218                <category android:name="android.intent.category.DEFAULT" />
218-->[:stripe_payment] AndroidManifest.xml:29:17-76
218-->[:stripe_payment] AndroidManifest.xml:29:27-73
219            </intent-filter>
220        </service> <!-- Needs to be explicitly declared on P+ -->
221        <uses-library
221-->[com.google.android.gms:play-services-maps:17.0.0] AndroidManifest.xml:33:9-35:40
222            android:name="org.apache.http.legacy"
222-->[com.google.android.gms:play-services-maps:17.0.0] AndroidManifest.xml:34:13-50
223            android:required="false" />
223-->[com.google.android.gms:play-services-maps:17.0.0] AndroidManifest.xml:35:13-37
224
225        <activity
225-->[com.google.android.gms:play-services-base:17.1.0] AndroidManifest.xml:23:9-26:75
226            android:name="com.google.android.gms.common.api.GoogleApiActivity"
226-->[com.google.android.gms:play-services-base:17.1.0] AndroidManifest.xml:24:13-79
227            android:exported="false"
227-->[com.google.android.gms:play-services-base:17.1.0] AndroidManifest.xml:25:13-37
228            android:theme="@android:style/Theme.Translucent.NoTitleBar" />
228-->[com.google.android.gms:play-services-base:17.1.0] AndroidManifest.xml:26:13-72
229
230        <provider
230-->[com.google.firebase:firebase-common:20.0.0] AndroidManifest.xml:26:9-31:39
231            android:name="com.google.firebase.provider.FirebaseInitProvider"
231-->[com.google.firebase:firebase-common:20.0.0] AndroidManifest.xml:27:13-77
232            android:authorities="com.example.ECommerceApp.firebaseinitprovider"
232-->[com.google.firebase:firebase-common:20.0.0] AndroidManifest.xml:28:13-72
233            android:directBootAware="true"
233-->[com.google.firebase:firebase-common:20.0.0] AndroidManifest.xml:29:13-43
234            android:exported="false"
234-->[com.google.firebase:firebase-common:20.0.0] AndroidManifest.xml:30:13-37
235            android:initOrder="100" />
235-->[com.google.firebase:firebase-common:20.0.0] AndroidManifest.xml:31:13-36
236
237        <meta-data
237-->[com.google.android.gms:play-services-basement:17.1.0] AndroidManifest.xml:23:9-25:69
238            android:name="com.google.android.gms.version"
238-->[com.google.android.gms:play-services-basement:17.1.0] AndroidManifest.xml:24:13-58
239            android:value="@integer/google_play_services_version" />
239-->[com.google.android.gms:play-services-basement:17.1.0] AndroidManifest.xml:25:13-66
240    </application>
241
242</manifest>